Time resolution is 1 ps
Stopped at time : 0 fs : File "C:/Users/abous/OneDrive/Documents/GitHub/PYNQ Adders/PYNQ Adders.srcs/sim_1/new/tb.v" Line 36
Stopped at time : 0 fs : File "C:/Users/abous/OneDrive/Documents/GitHub/PYNQ Adders/PYNQ Adders.srcs/sim_1/new/tb.v" Line 39
Stopped at time : 5 ns : File "C:/Users/abous/OneDrive/Documents/GitHub/PYNQ Adders/PYNQ Adders.srcs/sim_1/new/tb.v" Line 36
Stopped at time : 5 ns : File "C:/Users/abous/OneDrive/Documents/GitHub/PYNQ Adders/PYNQ Adders.srcs/sim_1/new/tb.v" Line 36
Stopped at time : 10 ns : File "C:/Users/abous/OneDrive/Documents/GitHub/PYNQ Adders/PYNQ Adders.srcs/sim_1/new/tb.v" Line 36
Stopped at time : 10 ns : File "C:/Users/abous/OneDrive/Documents/GitHub/PYNQ Adders/PYNQ Adders.srcs/sim_1/new/tb.v" Line 36
Stopped at time : 15 ns : File "C:/Users/abous/OneDrive/Documents/GitHub/PYNQ Adders/PYNQ Adders.srcs/sim_1/new/tb.v" Line 36
Stopped at time : 15 ns : File "C:/Users/abous/OneDrive/Documents/GitHub/PYNQ Adders/PYNQ Adders.srcs/sim_1/new/tb.v" Line 36
Stopped at time : 20 ns : File "C:/Users/abous/OneDrive/Documents/GitHub/PYNQ Adders/PYNQ Adders.srcs/sim_1/new/tb.v" Line 36
Stopped at time : 20 ns : File "C:/Users/abous/OneDrive/Documents/GitHub/PYNQ Adders/PYNQ Adders.srcs/sim_1/new/tb.v" Line 36
Stopped at time : 25 ns : File "C:/Users/abous/OneDrive/Documents/GitHub/PYNQ Adders/PYNQ Adders.srcs/sim_1/new/tb.v" Line 36
Stopped at time : 25 ns : File "C:/Users/abous/OneDrive/Documents/GitHub/PYNQ Adders/PYNQ Adders.srcs/sim_1/new/tb.v" Line 36
Stopped at time : 30 ns : File "C:/Users/abous/OneDrive/Documents/GitHub/PYNQ Adders/PYNQ Adders.srcs/sim_1/new/tb.v" Line 36
Stopped at time : 30 ns : File "C:/Users/abous/OneDrive/Documents/GitHub/PYNQ Adders/PYNQ Adders.srcs/sim_1/new/tb.v" Line 36
Stopped at time : 35 ns : File "C:/Users/abous/OneDrive/Documents/GitHub/PYNQ Adders/PYNQ Adders.srcs/sim_1/new/tb.v" Line 36
Stopped at time : 35 ns : File "C:/Users/abous/OneDrive/Documents/GitHub/PYNQ Adders/PYNQ Adders.srcs/sim_1/new/tb.v" Line 36
Stopped at time : 40 ns : File "C:/Users/abous/OneDrive/Documents/GitHub/PYNQ Adders/PYNQ Adders.srcs/sim_1/new/tb.v" Line 36
Stopped at time : 40 ns : File "C:/Users/abous/OneDrive/Documents/GitHub/PYNQ Adders/PYNQ Adders.srcs/sim_1/new/tb.v" Line 36
Stopped at time : 45 ns : File "C:/Users/abous/OneDrive/Documents/GitHub/PYNQ Adders/PYNQ Adders.srcs/sim_1/new/tb.v" Line 36
Stopped at time : 45 ns : File "C:/Users/abous/OneDrive/Documents/GitHub/PYNQ Adders/PYNQ Adders.srcs/sim_1/new/tb.v" Line 36
Stopped at time : 50 ns : File "C:/Users/abous/OneDrive/Documents/GitHub/PYNQ Adders/PYNQ Adders.srcs/sim_1/new/tb.v" Line 36
Stopped at time : 50 ns : File "C:/Users/abous/OneDrive/Documents/GitHub/PYNQ Adders/PYNQ Adders.srcs/sim_1/new/tb.v" Line 36
Stopped at time : 55 ns : File "C:/Users/abous/OneDrive/Documents/GitHub/PYNQ Adders/PYNQ Adders.srcs/sim_1/new/tb.v" Line 36
Stopped at time : 55 ns : File "C:/Users/abous/OneDrive/Documents/GitHub/PYNQ Adders/PYNQ Adders.srcs/sim_1/new/tb.v" Line 36
                  60         0 +          0 =          0
Stopped at time : 60 ns : File "C:/Users/abous/OneDrive/Documents/GitHub/PYNQ Adders/PYNQ Adders.srcs/sim_1/new/tb.v" Line 36
Stopped at time : 60 ns : File "C:/Users/abous/OneDrive/Documents/GitHub/PYNQ Adders/PYNQ Adders.srcs/sim_1/new/tb.v" Line 36
Stopped at time : 60 ns : File "C:/Users/abous/OneDrive/Documents/GitHub/PYNQ Adders/PYNQ Adders.srcs/sources_1/new/1-bit Adder.v" Line 31
Stopped at time : 60 ns : File "C:/Users/abous/OneDrive/Documents/GitHub/PYNQ Adders/PYNQ Adders.srcs/sources_1/new/1-bit Adder.v" Line 32
Stopped at time : 60 ns : File "C:/Users/abous/OneDrive/Documents/GitHub/PYNQ Adders/PYNQ Adders.srcs/sources_1/new/1-bit Adder.v" Line 31
Stopped at time : 60 ns : File "C:/Users/abous/OneDrive/Documents/GitHub/PYNQ Adders/PYNQ Adders.srcs/sources_1/new/1-bit Adder.v" Line 32
Stopped at time : 60 ns : File "C:/Users/abous/OneDrive/Documents/GitHub/PYNQ Adders/PYNQ Adders.srcs/sources_1/new/RC_Add.v" Line 41
Stopped at time : 65 ns : File "C:/Users/abous/OneDrive/Documents/GitHub/PYNQ Adders/PYNQ Adders.srcs/sim_1/new/tb.v" Line 36
Stopped at time : 65 ns : File "C:/Users/abous/OneDrive/Documents/GitHub/PYNQ Adders/PYNQ Adders.srcs/sim_1/new/tb.v" Line 36
Stopped at time : 70 ns : File "C:/Users/abous/OneDrive/Documents/GitHub/PYNQ Adders/PYNQ Adders.srcs/sim_1/new/tb.v" Line 36
Stopped at time : 70 ns : File "C:/Users/abous/OneDrive/Documents/GitHub/PYNQ Adders/PYNQ Adders.srcs/sim_1/new/tb.v" Line 36
Stopped at time : 75 ns : File "C:/Users/abous/OneDrive/Documents/GitHub/PYNQ Adders/PYNQ Adders.srcs/sim_1/new/tb.v" Line 36
Stopped at time : 75 ns : File "C:/Users/abous/OneDrive/Documents/GitHub/PYNQ Adders/PYNQ Adders.srcs/sim_1/new/tb.v" Line 36
Stopped at time : 80 ns : File "C:/Users/abous/OneDrive/Documents/GitHub/PYNQ Adders/PYNQ Adders.srcs/sim_1/new/tb.v" Line 36
Stopped at time : 80 ns : File "C:/Users/abous/OneDrive/Documents/GitHub/PYNQ Adders/PYNQ Adders.srcs/sim_1/new/tb.v" Line 36
                 120         1 +          1 =          2
                 180        14 +         11 =         25
                 240       300 +        300 =        600
$finish called at time : 240 ns : File "C:/Users/abous/OneDrive/Documents/GitHub/PYNQ Adders/PYNQ Adders.srcs/sim_1/new/tb.v" Line 56
